d:\язык c\mathlanguage\mathlanguage\x64\debug\vc143.pdb
d:\язык c\mathlanguage\mathlanguage\x64\debug\vc143.idb
d:\язык c\mathlanguage\mathlanguage\x64\debug\unittests.obj
d:\язык c\mathlanguage\mathlanguage\x64\debug\stringsutf8.obj
d:\язык c\mathlanguage\mathlanguage\x64\debug\stringlibrary.obj
d:\язык c\mathlanguage\mathlanguage\x64\debug\stacklite.obj
d:\язык c\mathlanguage\mathlanguage\x64\debug\stackdiagnostic.obj
d:\язык c\mathlanguage\mathlanguage\x64\debug\parser.obj
d:\язык c\mathlanguage\mathlanguage\x64\debug\lexer.obj
d:\язык c\mathlanguage\mathlanguage\x64\debug\mystdlib.obj
d:\язык c\mathlanguage\mathlanguage\x64\debug\tree.obj
d:\язык c\mathlanguage\mathlanguage\x64\debug\languagetree.obj
d:\язык c\mathlanguage\mathlanguage\x64\debug\main.obj
d:\язык c\mathlanguage\mathlanguage\x64\debug\logs.obj
d:\язык c\mathlanguage\mathlanguage\x64\debug\languagegrammar.obj
d:\язык c\mathlanguage\debug\mathlanguage.pdb
d:\язык c\mathlanguage\mathlanguage\x64\debug\mathlanguage.tlog\cl.command.1.tlog
d:\язык c\mathlanguage\mathlanguage\x64\debug\mathlanguage.tlog\cl.read.1.tlog
d:\язык c\mathlanguage\mathlanguage\x64\debug\mathlanguage.tlog\cl.write.1.tlog
d:\язык c\mathlanguage\mathlanguage\x64\debug\mathlanguage.tlog\link.8056-cvtres.read.1.tlog
d:\язык c\mathlanguage\mathlanguage\x64\debug\mathlanguage.tlog\link.8056-cvtres.write.1.tlog
d:\язык c\mathlanguage\mathlanguage\x64\debug\mathlanguage.tlog\link.8056-rc.read.1.tlog
d:\язык c\mathlanguage\mathlanguage\x64\debug\mathlanguage.tlog\link.8056-rc.write.1.tlog
d:\язык c\mathlanguage\mathlanguage\x64\debug\mathlanguage.tlog\link.8056.read.1.tlog
d:\язык c\mathlanguage\mathlanguage\x64\debug\mathlanguage.tlog\link.8056.read.2.tlog
d:\язык c\mathlanguage\mathlanguage\x64\debug\mathlanguage.tlog\link.8056.write.1.tlog
d:\язык c\mathlanguage\mathlanguage\x64\debug\mathlanguage.tlog\link.command.1.tlog
d:\язык c\mathlanguage\mathlanguage\x64\debug\mathlanguage.tlog\link.read.1.tlog
d:\язык c\mathlanguage\mathlanguage\x64\debug\mathlanguage.tlog\link.write.1.tlog
